1730786826562	geckodriver	INFO	Listening on 127.0.0.1:49913
1730786829638	mozrunner::runner	INFO	Running command: "C:\\Program Files\\Mozilla Firefox\\firefox.exe" "--marionette" "--remote-debugging-port" "49914" "--remote-allow-hosts" "localhost" "-no-remote" "-profile" "C:\\Users\\deepa\\AppData\\Local\\Temp\\rust_mozprofileIfeXjB"
console.warn: services.settings: Ignoring preference override of remote settings server
console.warn: services.settings: Allow by setting MOZ_REMOTE_SETTINGS_DEVTOOLS=1 in the environment
Dynamically enable window occlusion 0
1730786830162	Marionette	INFO	Marionette enabled
1730786830320	Marionette	INFO	Listening on port 49921
WebDriver BiDi listening on ws://127.0.0.1:49914
Read port: 49921
1730786830533	RemoteAgent	WARN	TLS certificate errors will be ignored for this session
console.warn: LoginRecipes: "Falling back to a synchronous message for: https://accounts.google.com."
console.warn: LoginRecipes: "Falling back to a synchronous message for: https://accounts.google.com."
JavaScript warning: https://accounts.google.com/v3/signin/identifier?continue=https%3A%2F%2Fmail.google.com%2Fmail%2Fu%2F0%2F&emr=1&followup=https%3A%2F%2Fmail.google.com%2Fmail%2Fu%2F0%2F&ifkv=AcMMx-dfvKTNBvhOZN9N15QKcC6pX5cu1Z2EOm-Z6s9R-KXYQGfnud64QBXCoXOj-MxVGIHnz2Sx-Q&osid=1&passive=1209600&service=mail&flowName=GlifWebSignIn&flowEntry=ServiceLogin&dsh=S840124000%3A1730786838548487&ddm=1 line 1174 > injectedScript line 2 > eval line 3053 > eval line 1 > eval line 1 > eval, line 1: WEBGL_debug_renderer_info is deprecated in Firefox and will be removed. Please use RENDERER.
console.warn: LoginRecipes: "Falling back to a synchronous message for: https://accounts.google.com."
console.error: "Error while calling actor 'pagestyle's method 'getApplied'" "node is null"
console.error: (new TypeError("node is null", "resource://devtools/server/actors/page-style.js", 583))
console.error: (new TypeError("parent is nullconsole.warn: LoginRecipes: "Falling back to a synchronous message for: https://accounts.google.com."
1730825367089	Marionette	INFO	Stopped listening on port 50029
Dynamically enable window occlusion 1
:67:24
onMutations@resource://devtools/client/inspector/shared/style-change-tracker.js:84:41
_emit@resource://devtools/shared/event-emitter.js:242:32
emit@resource://devtools/shared/event-emitter.js:186:18
emit@resource://devtools/shared/event-emitter.js:330:18
getMutations@resource://devtools/client/fronts/walker.js:317:10

console.error: "Unable to find target with innerWindowId:12884901889"
console.error: "Unable to find target with innerWindowId:12884901889"
console.error: "Unable to find target with innerWindowId:12884901889"
console.error: "Unable to find target with innerWindowId:12884901898"
console.error: "Unable to find target with innerWindowId:12884901898"
console.error: "Unable to find target with innerWindowId:12884901898"
console.error: "Unable to find target with innerWindowId:12884901898"
console.error: "Unable to find target with innerWindowId:12884901898"
console.error: "Unable to find target with innerWindowId:12884901898"
console.warn: LoginRecipes: "Falling back to a synchronous message for: https://accounts.google.com."
console.warn: "Listener for event 'frame' did not return a promise."
console.warn: "Listener for event 'frame' did not return a promise."
JavaScript error: resource://gre/actors/FormHandlerChild.sys.mjs, line 103: InvalidStateError: JSWindowActorChild.document getter: Cannot access property 'document' after actor 'FormHandler' has been destroyed
JavaScript warning: https://accounts.google.com/v3/signin/identifier?continue=https%3A%2F%2Fmail.google.com%2Fmail%2F&ifkv=AcMMx-fsr7Kwsdnf8YgJtZIP6LraBbTf-h_zwdwKdessViYWd5tcMzkZgc9XA6ekUKit6iOT5_4BXA&rip=1&sacu=1&service=mail&flowName=GlifWebSignIn&flowEntry=ServiceLogin&dsh=S-637428636%3A1730787600304277&ddm=1 line 1174 > injectedScript line 2 > eval line 2339 > eval line 1 > eval line 1 > eval, line 1: WEBGL_debug_renderer_info is deprecated in Firefox and will be removed. Please use RENDERER.
console.warn: LoginRecipes: "Falling back to a synchronous message for: https://accounts.google.com."
JavaScript error: resource://gre/actors/FormHandlerChild.sys.mjs, line 182: InvalidStateError: JSWindowActorChild.document getter: Cannot access property 'document' after actor 'FormHandler' has been destroyed
JavaScript error: resource://gre/actors/FormHandlerChild.sys.mjs, line 182: InvalidStateError: JSWindowActorChild.document getter: Cannot access property 'document' after actor 'FormHandler' has been destroyed
JavaScript error: resource://gre/actors/FormHandlerChild.sys.mjs, line 182: InvalidStateError: JSWindowActorChild.document getter: Cannot access property 'document' after actor 'FormHandler' has been destroyed
JavaScript error: resource://gre/actors/FormHandlerChild.sys.mjs, line 182: InvalidStateError: JSWindowActorChild.document getter: Cannot access property 'document' after actor 'FormHandler' has been destroyed
JavaScript error: , line 0: NotFoundError: No such JSProcessActor 'DevToolsProcess'
JavaScript error: , line 0: NotFoundError: No such JSProcessActor 'DevToolsProcess'
JavaScript error: , line 0: NotFoundError: No such JSProcessActor 'DevToolsProcess'
JavaScript error: , line 0: NotFoundErExiting due to channel error.
Exiting due to channel error.
r: , line 0: NotFoundError: No such JSProcessActor 'DevToolsProcess'
JavaScript error: , line 0: NotFoundError: No such JSProcessActor 'DevToolsProcess'
JavaScript error: , line 0: NotFoundError: No such JSProcessActor 'DevToolsProcess'
JavaScript error: resource://gre/actors/FormHandlerChild.sys.mjs, line 182: InvalidStateError: JSWindowActorChild.document getter: Cannot access property 'document' after actor 'FormHandler' has been destroyed
JavaScript error: resource://gre/actors/FormHandlerChild.sys.mjs, line 182: InvalidStateError: JSWindowActorChild.document getter: Cannot access property 'document' after actor 'FormHandler' has been destroyed
JavaScript warning: https://www.googletagmanager.com/gtag/js?id=G-3WTQFP9ECQ&l=dataLayer&cx=c, line 632: Script terminated by timeout at:
h.Th@https://www.googletagmanager.com/gtag/js?id=G-3WTQFP9ECQ&l=dataLayer&cx=c:632:30
get@https://www.googletagmanager.com/gtag/js?id=G-3WTQFP9ECQ&l=dataLayer&cx=c:630:119
stop@https://www.googletagmanager.com/gtag/js?id=G-3WTQFP9ECQ&l=dataLayer&cx=c:630:87
h.kl/c/<@https://www.googletagmanager.com/gtag/js?id=G-3WTQFP9ECQ&l=dataLayer&cx=c:630:410

1730787640736	Marionette	INFO	Stopped listening on port 49921
Dynamically enable window occlusion 1
1730956446166	geckodriver	INFO	Listening on 127.0.0.1:53815
1730956449234	mozrunner::runner	INFO	Running command: "C:\\Program Files\\Mozilla Firefox\\firefox.exe" "--marionette" "-headless" "--remote-debugging-port" "53816" "--remote-allow-hosts" "localhost" "-no-remote" "-profile" "C:\\Users\\deepa\\AppData\\Local\\Temp\\rust_mozprofileJdbgTY"
*** You are running in headless mode.
console.warn: services.settings: Ignoring preference override of remote settings server
console.warn: services.settings: Allow by setting MOZ_REMOTE_SETTINGS_DEVTOOLS=1 in the environment
Dynamically enable window occlusion 0
1730956449876	Marionette	INFO	Marionette enabled
1730956450044	Marionette	INFO	Listening on port 53823
WebDriver BiDi listening on ws://127.0.0.1:53816
Read port: 53823
1730956450136	RemoteAgent	WARN	TLS certificate errors will be ignored for this session
[GFX1-]: RenderCompositorSWGL failed mapping default framebuffer, no dt
console.error: ({})
console.warn: LoginRecipes: "Falling back to a synchronous message for: https://accounts.google.com."
JavaScript warning: https://accounts.google.com/v3/signin/identifier?continue=https%3A%2F%2Fmail.google.com%2Fmail%2Fu%2F0%2F&emr=1&followup=https%3A%2F%2Fmail.google.com%2Fmail%2Fu%2F0%2F&ifkv=AcMMx-cheTz2oNtbTiw3oQ6yl3g9YnjxvZ4YcDJveRfhfkaUo79gR5Bq--4wNVLb-NriLGYm5dmWeQ&osid=1&passive=1209600&service=mail&flowName=GlifWebSignIn&flowEntry=ServiceLogin&dsh=S-499836500%3A1730956453574277&ddm=1 line 1169 > injectedScript line 2 > eval line 7666 > eval line 1 > eval line 1 > eval, line 1: WEBGL_debug_renderer_info is deprecated in Firefox and will be removed. Please use RENDERER.
console.warn: LoginRecipes: "Falling back to a synchronous message for: https://accounts.google.com."
JavaScript error: , line 0: NS_ERROR_NOT_AVAILABLE
JavaScript error: , line 0: NS_ERROR_NOT_AVAILABLE
JavaScript error: , line 0: NS_ERROR_NOT_AVAILABLE
Exiting due to channel error.
e-debugging-port" "53867" "--remote-allow-hosts" "localhost" "-no-remote" "-profile" "C:\\Users\\deepa\\AppData\\Local\\Temp\\rust_mozprofileAL185X"
console.warn: services.settings: Ignoring preference override of remote settings server
console.warn: services.settings: Allow by setting MOZ_REMOTE_SETTINGS_DEVTOOLS=1 in the environment
Dynamically enable window occlusion 0
1730956469247	Marionette	INFO	Marionette enabled
1730956469404	Marionette	INFO	Listening on port 53874
WebDriver BiDi listening on ws://127.0.0.1:53867
Read port: 53874
1730956469597	RemoteAgent	WARN	TLS certificate errors will be ignored for this session
console.warn: LoginRecipes: "Falling back to a synchronous message for: https://accounts.google.com."
JavaScript warning: https://accounts.google.com/v3/signin/identifier?continue=https%3A%2F%2Fmail.google.com%2Fmail%2Fu%2F0%2F&emr=1&followup=https%3A%2F%2Fmail.google.com%2Fmail%2Fu%2F0%2F&ifkv=AcMMx-eyV2orbBwPfV5D1YwIGlNwphVlJYfwSTWk45KxEn_rFLITSBTRI2XOjYsyRnuYL5EEL1UKyQ&osid=1&passive=1209600&service=mail&flowName=GlifWebSignIn&flowEntry=ServiceLogin&dsh=S1262227698%3A1730956473455314&ddm=1 line 1169 > injectedScript line 2 > eval line 5858 > eval line 1 > eval line 1 > eval, line 1: WEBGL_debug_renderer_info is deprecated in Firefox and will be removed. Please use RENDERER.
console.warn: LoginRecipes: "Falling back to a synchronous message for: https://accounts.google.com."
console.warn: LoginRecipes: "Falling back to a synchronous message for: https://accounts.google.com."
JavaScript error: resource://gre/actors/FormHandlerChild.sys.mjs, line 103: InvalidStateError: JSWindowActorChild.document getter: Cannot access property 'document' after actor 'FormHandler' has been destroyed
JavaScript warning: https://accounts.google.com/v3/signin/identifier?continue=https%3A%2F%2Fmail.google.com%2Fmail%2F&ifkv=AcMMx-cCYRyEvYqI9k0Scn3nXIs2SqXOuIKePPivT4TUplEAHiQoxibYBX95RyBouztmxNPG4ieA&rip=1&sacu=1&service=mail&flowName=GlifWebSignIn&flowEntry=ServiceLogin&dsh=S-736938969%3A1730956534254576&ddm=1 line 1169 > injectedScript line 2 > eval line 2711 > eval line 1 > eval line 1 > eval, line 1: WEBGL_debug_renderer_info is deprecated in Firefox and will be removed. Please use RENDERER.
console.warn: LoginRecipes: "Falling back to a synchronous message for: https://accounts.google.com."
JavaScript error: resource://gre/actors/FormHandlerChild.sys.mjs, line 182: InvalidStateError: JSWindowActorChild.document getter: Cannot access property 'document' after actor 'FormHandler' has been destroyed
JavaScript error: resource://gre/actors/FormHandlerChild.sys.mjs, line 182: InvalidStateError: JSWindowActorChild.document getter: Cannot access property 'document' after actor 'FormHandler' has been destroyed
JavaScript error: resource://gre/actors/FormHandlerChild.sys.mjs, line 182: InvalidStateError: JSWindowActorChild.document getter: Cannot access property 'document' after actor 'FormHandler' has been destroyed
JavaScript error: resource://gre/actors/FormHandlerChild.sys.mjs, line 182: InvalidStateError: JSWindowActorChild.document getter: Cannot access property 'document' after actor 'FormHandler' has been destroyed
JavaScript warning: https://www.google.com/js/th/VDzlwnkFML-h1e4wIRAEa0zwEksjlZpJwMvn-rIDhbM.js, line 4247: unreachable code after return statement
JavaScript warning: https://www.google.com/js/th/VDzlwnkFML-h1e4wIRAEa0zwEksjlZpJwMvn-rIDhbM.js, line 4247: unreachable code after return statement
JavaScript warning: https://www.google.com/js/th/VDzlwnkFML-h1e4wIRAEa0zwEksjlZpJwMvn-rIDhbM.js, line 4247: unreachable code after return statement
JavaScript warning: https://www.google.com/js/th/VDzlwnkFML-h1e4wIRAEa0zwEksjlZpJwMvn-rIDhbM.js, line 4247: unreachable code after return statement
JavaScript warning: https://www.google.com/js/th/VDzlwnkFML-h1e4wIRAEa0zwEksjlZpJwMvn-rIDhbM.js, line 4247: unreachable code after return statement
JavaScript warning: https://www.google.com/js/th/VDzlwnkFML-h1e4wIRAEa0zwEksjlZpJwMvn-rIDhbM.js line 2 > eval, line 4247: unreachable code after return statement
JavaScript warning: https://www.google.com/js/th/VDzlwnkFML-h1e4wIRAEa0zwEksjlZpJwMvn-rIDhbM.js line 2 > eval, line 4247: unreachable code after return statement
JavaScript warning: https://www.google.com/js/th/VDzlwnkFML-h1e4wIRAEa0zwEksjlZpJwMvn-rIDhbM.js line 2 > eval line 4247 > eval, line 1: unreachable code after return statement
JavaScript warning: https://www.google.com/js/th/VDzlwnkFML-h1e4wIRAEa0zwEksjlZpJwMvn-rIDhbM.js line 2 > eval line 4247 > eval line 1 > eval, line 1: unreachable code after return statement
JavaScript warning: https://www.google.com/js/th/VDzlwnkFML-h1e4wIRAEa0zwEksjlZpJwMvn-rIDhbM.js line 2 > eval, line 4247: unreachable code after return statement
JavaScript warning: https://www.google.com/js/th/VDzlwnkFML-h1e4wIRAEa0zwEksjlZpJwMvn-rIDhbM.js line 2 > eval, line 4247: unreachable code after return statement
JavaScript warning: https://www.google.com/js/th/VDzlwnkFML-h1e4wIRAEa0zwEksjlZpJwMvn-rIDhbM.js line 2 > eval line 4247 > eval line 1 > eval, line 1: unreachable code after return statement
JavaScript warning: https://www.google.com/js/th/VDzlwnkFML-h1e4wIRAEa0zwEksjlZpJwMvn-rIDhbM.js line 2 > eval line 4247 > eval line 1 > eval line 1 > eval, line 1: unreachable code after return statement
JavaScript warning: https://www.youtube-nocookie.com/s/player/dad5a960/player_ias.vflset/en_US/base.js, line 6359: Script terminated by timeout at:
pY@https://www.youtube-nocookie.com/s/player/dad5a960/player_ias.vflset/en_US/base.js:6359:37
i0@https://www.youtube-nocookie.com/s/player/dad5a960/player_ias.vflset/en_US/base.js:7190:24
g.k.WG@https://www.youtube-nocookie.com/s/player/dad5a960/player_ias.vflset/en_US/base.js:12880:56
g.k.publish@https://www.youtube-nocookie.com/s/player/dad5a960/player_ias.vflset/en_US/base.js:8471:290
g.Ex.prototype.publish@https://www.youtube-nocookie.com/s/player/dad5a960/player_ias.vflset/en_US/base.js:8696:74
g.k.sendAbandonmentPing@https://www.youtube-nocookie.com/s/player/dad5a960/player_ias.vflset/en_US/base.js:11520:74
g.k.sendAbandonmentPing@https://www.youtube-nocookie.com/s/player/dad5a960/player_ias.vflset/en_US/base.js:10513:62
TR/a.state.j[b]@https://www.youtube-nocookie.com/s/player/dad5a960/player_ias.vflset/en_US/base.js:4608:53
az/<@https://www.youtube-nocookie.com/s/player/dad5a960/www-embed-player.vflset/www-embed-player.js:1907:106
mz@https://www.youtube-nocookie.com/s/player/dad5a960/www-embed-player.vflset/www-embed-player.js:1944:46
@https://www.youtube-nocookie.com/s/player/dad5a960/www-embed-player.vflset/www-embed-player.js:1952:137
im/<@https://www.youtube-nocookie.com/s/player/dad5a960/www-embed-player.vflset/www-embed-player.js:929:63

JavaScript warning: https://www.youtube-nocookie.com/embed/YlmVKT3Zvhw?rel=0&showinfo=0&theme=light&version=3&hl=en&cc_lang_pref=en&cc_load_policy=1 line 869 > injectedScript line 2 > eval line 2635 > eval line 1 > eval line 1 > eval, line 1: WEBGL_debug_renderer_info is deprecated in Firefox and will be removed. Please use RENDERER.
JavaScript warning: https://www.youtube-nocookie.com/embed/48l-xdS4pXg?rel=0&showinfo=0&theme=light&version=3&hl=en&cc_lang_pref=en&cc_load_policy=1 line 878 > injectedScript line 2 > eval line 5859 > eval line 1 > eval line 1 > eval, line 1: WEBGL_debug_renderer_info is deprecated in Firefox and will be removed. Please use RENDERER.
JavaScript warning: https://www.google.com/js/th/VDzlwnkFML-h1e4wIRAEa0zwEksjlZpJwMvn-rIDhbM.js line 2 > eval line 4247 > eval line 1 > eval line 1 > eval, line 1: WEBGL_debug_renderer_info is deprecated in Firefox and will be removed. Please use RENDERER.
JavaScript warning: https://www.google.com/js/th/VDzlwnkFML-h1e4wIRAEa0zwEksjlZpJwMvn-rIDhbM.js line 2 > eval, line 4247: unreachable code after return statement
JavaScript warning: https://www.gstatic.com/_/mss/boq-identity/_/js/k=boq-identity.AccountsSignInUi.en_US.3Paln4lnT5M.es5.O/am=iDEYJ8M2AgHxD08DegOKBEIOAAAAAAAgAADYAAAAPAw/d=1/excm=_b,_tp,identifierview/ed=1/dg=0/wt=2/ujg=1/rs=AOaEmlEceNE7Q84kbnRDI5B0WVpWWsT2yQ/m=_b,_tp, line 391: Script terminated by timeout at:
c@https://www.gstatic.com/_/mss/boq-identity/_/js/k=boq-identity.AccountsSignInUi.en_US.3Paln4lnT5M.es5.O/am=iDEYJ8M2AgHxD08DegOKBEIOAAAAAAAgAADYAAAAPAw/d=1/excm=_b,_tp,identifierview/ed=1/dg=0/wt=2/ujg=1/rs=AOaEmlEceNE7Q84kbnRDI5B0WVpWWsT2yQ/m=_b,_tp:391:188
b@https://www.gstatic.com/_/mss/boq-identity/_/js/k=boq-identity.AccountsSignInUi.en_US.3Paln4lnT5M.es5.O/am=iDEYJ8M2AgHxD08DegOKBEIOAAAAAAAgAADYAAAAPAw/d=1/excm=_b,_tp,identifierview/ed=1/dg=0/wt=2/ujg=1/rs=AOaEmlEceNE7Q84kbnRDI5B0WVpWWsT2yQ/m=_b,_tp:365:49

1730958369272	Marionette	INFO	Stopped listening on port 53874
Dynamically enable window occlusion 1
arning: https://accounts.google.com/v3/signin/identifier?continue=https%3A%2F%2Fmail.google.com%2Fmail%2Fu%2F0%2F&emr=1&followup=https%3A%2F%2Fmail.google.com%2Fmail%2Fu%2F0%2F&ifkv=AcMMx-cOzCoeTMDs54_i7g5rqGvz9lobjiJQtRGNoBtAv4Fsf8o43JXpKDcJLL6erTLQvcZgG9OdFw&osid=1&passive=1209600&service=mail&flowName=GlifWebSignIn&flowEntry=ServiceLogin&dsh=S-2113227300%3A1730956613587406&ddm=1 line 1169 > injectedScript line 2 > eval line 372 > eval line 1 > eval line 1 > eval, line 1: WEBGL_debug_renderer_info is deprecated in Firefox and will be removed. Please use RENDERER.
console.warn: LoginRecipes: "Falling back to a synchronous message for: https://accounts.google.com."
JavaScript warning: https://accounts.google.com/v3/signin/identifier?continue=https%3A%2F%2Fmail.google.com%2Fmail%2Fu%2F0%2F&emr=1&followup=https%3A%2F%2Fmail.google.com%2Fmail%2Fu%2F0%2F&ifkv=AcMMx-cOzCoeTMDs54_i7g5rqGvz9lobjiJQtRGNoBtAv4Fsf8o43JXpKDcJLL6erTLQvcZgG9OdFw&osid=1&passive=1209600&service=mail&flowName=GlifWebSignIn&flowEntry=ServiceLogin&dsh=S-2113227300%3A1730956613587406&ddm=1 line 1169 > injectedScript line 2 > eval line 3072 > eval line 1 > eval line 1 > eval, line 1: WEBGL_debug_renderer_info is deprecated in Firefox and will be removed. Please use RENDERER.
console.warn: LoginRecipes: "Falling back to a synchronous message for: https://accounts.google.com."
JavaScript warning: https://www.googletagmanager.com/gtag/js?id=G-3WTQFP9ECQ&l=dataLayer&cx=c, line 632: Script terminated by timeout at:
h.Th@https://www.googletagmanager.com/gtag/js?id=G-3WTQFP9ECQ&l=dataLayer&cx=c:632:30
get@https://www.googletagmanager.com/gtag/js?id=G-3WTQFP9ECQ&l=dataLayer&cx=c:630:119
stop@https://www.googletagmanager.com/gtag/js?id=G-3WTQFP9ECQ&l=dataLayer&cx=c:630:87
h.kl/c/<@https://www.googletagmanager.com/gtag/js?id=G-3WTQFP9ECQ&l=dataLayer&cx=c:630:410

1730958374667	Marionette	INFO	Stopped listening on port 53998
Dynamically enable window occlusion 1
